2024-12-04 16:21:27.2354 INFO Application started. Press Ctrl+C to shut down. 
2024-12-04 16:21:27.2986 INFO Hosting environment: Development 
2024-12-04 16:21:27.3041 INFO Content root path: D:\React JS\ReactCRUDAPI 
2024-12-04 16:21:27.3339 INFO Request starting HTTP/2 GET https://localhost:44326/swagger - - - 
2024-12-04 16:21:28.4418 INFO Request starting HTTP/2 GET https://localhost:44326/swagger/index.html - - - 
2024-12-04 16:21:28.5033 INFO Request finished HTTP/2 GET https://localhost:44326/swagger - 301 - - 1208.3269ms 
2024-12-04 16:21:28.8760 INFO Request finished HTTP/2 GET https://localhost:44326/swagger/index.html - 200 - text/html;charset=utf-8 435.3143ms 
2024-12-04 16:21:28.9292 INFO Request starting HTTP/2 GET https://localhost:44326/swagger/swagger-ui.css - - - 
2024-12-04 16:21:28.9292 INFO Request starting HTTP/2 GET https://localhost:44326/_framework/aspnetcore-browser-refresh.js - - - 
2024-12-04 16:21:28.9292 INFO Request starting HTTP/2 GET https://localhost:44326/swagger/swagger-ui-bundle.js - - - 
2024-12-04 16:21:28.9292 INFO Request starting HTTP/2 GET https://localhost:44326/swagger/swagger-ui-standalone-preset.js - - - 
2024-12-04 16:21:28.9446 INFO Request finished HTTP/2 GET https://localhost:44326/_framework/aspnetcore-browser-refresh.js - 200 13760 application/javascript;+charset=utf-8 15.9205ms 
2024-12-04 16:21:29.0199 INFO Sending file. Request path: '/swagger-ui.css'. Physical path: 'N/A' 
2024-12-04 16:21:29.0199 INFO Sending file. Request path: '/swagger-ui-standalone-preset.js'. Physical path: 'N/A' 
2024-12-04 16:21:29.0199 INFO Request finished HTTP/2 GET https://localhost:44326/swagger/swagger-ui.css - 200 143943 text/css 95.1208ms 
2024-12-04 16:21:29.0199 INFO Request starting HTTP/2 GET https://localhost:44326/_vs/browserLink - - - 
2024-12-04 16:21:29.0199 INFO Sending file. Request path: '/swagger-ui-bundle.js'. Physical path: 'N/A' 
2024-12-04 16:21:29.0428 INFO Request finished HTTP/2 GET https://localhost:44326/swagger/swagger-ui-standalone-preset.js - 200 339486 text/javascript 105.4112ms 
2024-12-04 16:21:29.0830 INFO Request finished HTTP/2 GET https://localhost:44326/swagger/swagger-ui-bundle.js - 200 1096145 text/javascript 145.7291ms 
2024-12-04 16:21:29.1763 INFO Request finished HTTP/2 GET https://localhost:44326/_vs/browserLink - 200 - text/javascript;+charset=UTF-8 148.5667ms 
2024-12-04 16:21:29.3309 INFO Request starting HTTP/2 GET https://localhost:44326/swagger/v1/swagger.json - - - 
2024-12-04 16:21:29.3585 INFO Request starting HTTP/2 GET https://localhost:44326/swagger/favicon-32x32.png - - - 
2024-12-04 16:21:29.3585 INFO Sending file. Request path: '/favicon-32x32.png'. Physical path: 'N/A' 
2024-12-04 16:21:29.3585 INFO Request finished HTTP/2 GET https://localhost:44326/swagger/favicon-32x32.png - 200 628 image/png 1.6146ms 
2024-12-04 16:21:29.4653 INFO Request finished HTTP/2 GET https://localhost:44326/swagger/v1/swagger.json - 200 - application/json;charset=utf-8 134.4609ms 
2024-12-04 16:22:49.3043 INFO Request starting HTTP/2 GET https://localhost:44326/api/products/ - - - 
2024-12-04 16:22:49.3333 INFO CORS policy execution successful. 
2024-12-04 16:22:49.3333 INFO Executing endpoint 'ProductsController.GetAll (ReactCRUDAPI)' 
2024-12-04 16:22:49.3802 INFO Route matched with {action = "GetAll", controller = "Products"}. Executing controller action with signature System.Threading.Tasks.Task`1[Microsoft.AspNetCore.Mvc.IActionResult] GetAll() on controller ProductsController (ReactCRUDAPI). 
2024-12-04 16:22:49.6475 INFO Fetching all products. 
2024-12-04 16:22:50.2926 WARN No store type was specified for the decimal property 'Price' on entity type 'Product'. This will cause values to be silently truncated if they do not fit in the default precision and scale. Explicitly specify the SQL server column type that can accommodate all the values in 'OnModelCreating' using 'HasColumnType', specify precision and scale using 'HasPrecision', or configure a value converter using 'HasConversion'. 
2024-12-04 16:22:53.6292 INFO Executed DbCommand (94ms) [Parameters=[], CommandType='Text', CommandTimeout='30']
SELECT [p].[Id], [p].[Description], [p].[Name], [p].[Price]
FROM [Products] AS [p] 
2024-12-04 16:22:53.7911 INFO Executing OkObjectResult, writing value of type 'System.Collections.Generic.List`1[[ReactCRUDAPI.Model.Product, ReactCRUDAPI, Version=1.0.0.0, Culture=neutral, PublicKeyToken=null]]'. 
2024-12-04 16:22:53.8435 INFO Executed action ProductsController.GetAll (ReactCRUDAPI) in 4448.8734ms 
2024-12-04 16:22:53.8435 INFO Executed endpoint 'ProductsController.GetAll (ReactCRUDAPI)' 
2024-12-04 16:22:53.8510 INFO Request finished HTTP/2 GET https://localhost:44326/api/products/ - 200 - application/json;+charset=utf-8 4558.3448ms 
