2024-11-25 12:09:05.2728 INFO Application started. Press Ctrl+C to shut down. 
2024-11-25 12:09:05.3002 INFO Hosting environment: Development 
2024-11-25 12:09:05.3019 INFO Content root path: D:\React JS\ReactCRUDAPI 
2024-11-25 12:09:05.3250 INFO Request starting HTTP/2 GET https://localhost:44326/swagger - - - 
2024-11-25 12:09:06.0484 INFO Request starting HTTP/2 GET https://localhost:44326/swagger/index.html - - - 
2024-11-25 12:09:06.0875 INFO Request finished HTTP/2 GET https://localhost:44326/swagger - 301 - - 772.3789ms 
2024-11-25 12:09:06.2047 INFO Request finished HTTP/2 GET https://localhost:44326/swagger/index.html - 200 - text/html;charset=utf-8 156.9989ms 
2024-11-25 12:09:06.2229 INFO Request starting HTTP/2 GET https://localhost:44326/swagger/swagger-ui-bundle.js - - - 
2024-11-25 12:09:06.2257 INFO Request starting HTTP/2 GET https://localhost:44326/swagger/swagger-ui-standalone-preset.js - - - 
2024-11-25 12:09:06.2257 INFO Request starting HTTP/2 GET https://localhost:44326/_vs/browserLink - - - 
2024-11-25 12:09:06.2515 INFO Request starting HTTP/2 GET https://localhost:44326/swagger/swagger-ui.css - - - 
2024-11-25 12:09:06.2515 INFO Request starting HTTP/2 GET https://localhost:44326/_framework/aspnetcore-browser-refresh.js - - - 
2024-11-25 12:09:06.2581 INFO Request finished HTTP/2 GET https://localhost:44326/_framework/aspnetcore-browser-refresh.js - 200 13760 application/javascript;+charset=utf-8 6.0553ms 
2024-11-25 12:09:06.2830 INFO Sending file. Request path: '/swagger-ui.css'. Physical path: 'N/A' 
2024-11-25 12:09:06.2830 INFO Sending file. Request path: '/swagger-ui-standalone-preset.js'. Physical path: 'N/A' 
2024-11-25 12:09:06.2878 INFO Request finished HTTP/2 GET https://localhost:44326/swagger/swagger-ui.css - 200 143943 text/css 36.3689ms 
2024-11-25 12:09:06.2878 INFO Sending file. Request path: '/swagger-ui-bundle.js'. Physical path: 'N/A' 
2024-11-25 12:09:06.3024 INFO Request finished HTTP/2 GET https://localhost:44326/swagger/swagger-ui-standalone-preset.js - 200 339486 text/javascript 76.6822ms 
2024-11-25 12:09:06.3209 INFO Request finished HTTP/2 GET https://localhost:44326/swagger/swagger-ui-bundle.js - 200 1096145 text/javascript 98.4179ms 
2024-11-25 12:09:06.3209 INFO Request finished HTTP/2 GET https://localhost:44326/_vs/browserLink - 200 - text/javascript;+charset=UTF-8 103.6897ms 
2024-11-25 12:09:06.5359 INFO Request starting HTTP/2 GET https://localhost:44326/swagger/v1/swagger.json - - - 
2024-11-25 12:09:06.5571 INFO Request starting HTTP/2 GET https://localhost:44326/swagger/favicon-32x32.png - - - 
2024-11-25 12:09:06.5571 INFO Sending file. Request path: '/favicon-32x32.png'. Physical path: 'N/A' 
2024-11-25 12:09:06.5571 INFO Request finished HTTP/2 GET https://localhost:44326/swagger/favicon-32x32.png - 200 628 image/png 1.3984ms 
2024-11-25 12:09:06.6405 INFO Request finished HTTP/2 GET https://localhost:44326/swagger/v1/swagger.json - 200 - application/json;charset=utf-8 104.5833ms 
2024-11-25 12:09:20.5918 INFO Request starting HTTP/2 GET https://localhost:44326/api/products/ - - - 
2024-11-25 12:09:20.6009 INFO CORS policy execution successful. 
2024-11-25 12:09:20.6009 INFO Executing endpoint 'ProductsController.GetAll (ReactCRUDAPI)' 
2024-11-25 12:09:20.6431 INFO Route matched with {action = "GetAll", controller = "Products"}. Executing controller action with signature System.Threading.Tasks.Task`1[Microsoft.AspNetCore.Mvc.IActionResult] GetAll() on controller ProductsController (ReactCRUDAPI). 
2024-11-25 12:09:20.8711 INFO Fetching all products. 
2024-11-25 12:09:21.3217 WARN No store type was specified for the decimal property 'Price' on entity type 'Product'. This will cause values to be silently truncated if they do not fit in the default precision and scale. Explicitly specify the SQL server column type that can accommodate all the values in 'OnModelCreating' using 'HasColumnType', specify precision and scale using 'HasPrecision', or configure a value converter using 'HasConversion'. 
2024-11-25 12:09:23.7838 INFO Executed DbCommand (38ms) [Parameters=[], CommandType='Text', CommandTimeout='30']
SELECT [p].[Id], [p].[Description], [p].[Name], [p].[Price]
FROM [Products] AS [p] 
2024-11-25 12:09:23.8964 INFO Executing OkObjectResult, writing value of type 'System.Collections.Generic.List`1[[ReactCRUDAPI.Model.Product, ReactCRUDAPI, Version=1.0.0.0, Culture=neutral, PublicKeyToken=null]]'. 
2024-11-25 12:09:23.9202 INFO Executed action ProductsController.GetAll (ReactCRUDAPI) in 3269.9974ms 
2024-11-25 12:09:23.9202 INFO Executed endpoint 'ProductsController.GetAll (ReactCRUDAPI)' 
2024-11-25 12:09:23.9293 INFO Request finished HTTP/2 GET https://localhost:44326/api/products/ - 200 - application/json;+charset=utf-8 3339.0969ms 
