2024-11-28 10:41:23.0071 INFO Application started. Press Ctrl+C to shut down. 
2024-11-28 10:41:23.0407 INFO Hosting environment: Development 
2024-11-28 10:41:23.0407 INFO Content root path: D:\React JS\ReactCRUDAPI 
2024-11-28 10:41:23.0779 INFO Request starting HTTP/2 GET https://localhost:44326/swagger - - - 
2024-11-28 10:41:23.9136 INFO Request starting HTTP/2 GET https://localhost:44326/swagger/index.html - - - 
2024-11-28 10:41:23.9350 INFO Request finished HTTP/2 GET https://localhost:44326/swagger - 301 - - 868.5923ms 
2024-11-28 10:41:24.1341 INFO Request finished HTTP/2 GET https://localhost:44326/swagger/index.html - 200 - text/html;charset=utf-8 216.9651ms 
2024-11-28 10:41:24.1653 INFO Request starting HTTP/2 GET https://localhost:44326/_framework/aspnetcore-browser-refresh.js - - - 
2024-11-28 10:41:24.1653 INFO Request starting HTTP/2 GET https://localhost:44326/swagger/swagger-ui.css - - - 
2024-11-28 10:41:24.1653 INFO Request starting HTTP/2 GET https://localhost:44326/swagger/swagger-ui-bundle.js - - - 
2024-11-28 10:41:24.1653 INFO Request starting HTTP/2 GET https://localhost:44326/swagger/swagger-ui-standalone-preset.js - - - 
2024-11-28 10:41:24.1770 INFO Request starting HTTP/2 GET https://localhost:44326/_vs/browserLink - - - 
2024-11-28 10:41:24.1918 INFO Request finished HTTP/2 GET https://localhost:44326/_framework/aspnetcore-browser-refresh.js - 200 13760 application/javascript;+charset=utf-8 25.9240ms 
2024-11-28 10:41:24.2437 INFO Sending file. Request path: '/swagger-ui.css'. Physical path: 'N/A' 
2024-11-28 10:41:24.2437 INFO Sending file. Request path: '/swagger-ui-standalone-preset.js'. Physical path: 'N/A' 
2024-11-28 10:41:24.2437 INFO Request finished HTTP/2 GET https://localhost:44326/swagger/swagger-ui.css - 200 143943 text/css 83.4417ms 
2024-11-28 10:41:24.2558 INFO Sending file. Request path: '/swagger-ui-bundle.js'. Physical path: 'N/A' 
2024-11-28 10:41:24.2558 INFO Request finished HTTP/2 GET https://localhost:44326/swagger/swagger-ui-standalone-preset.js - 200 339486 text/javascript 84.3848ms 
2024-11-28 10:41:24.2938 INFO Request finished HTTP/2 GET https://localhost:44326/swagger/swagger-ui-bundle.js - 200 1096145 text/javascript 133.5130ms 
2024-11-28 10:41:24.3763 INFO Request finished HTTP/2 GET https://localhost:44326/_vs/browserLink - 200 - text/javascript;+charset=UTF-8 198.8471ms 
2024-11-28 10:41:24.5218 INFO Request starting HTTP/2 GET https://localhost:44326/swagger/v1/swagger.json - - - 
2024-11-28 10:41:24.5478 INFO Request starting HTTP/2 GET https://localhost:44326/swagger/favicon-32x32.png - - - 
2024-11-28 10:41:24.5478 INFO Sending file. Request path: '/favicon-32x32.png'. Physical path: 'N/A' 
2024-11-28 10:41:24.5478 INFO Request finished HTTP/2 GET https://localhost:44326/swagger/favicon-32x32.png - 200 628 image/png 1.5706ms 
2024-11-28 10:41:24.6397 INFO Request finished HTTP/2 GET https://localhost:44326/swagger/v1/swagger.json - 200 - application/json;charset=utf-8 117.8331ms 
2024-11-28 10:41:49.7053 INFO Request starting HTTP/2 GET https://localhost:44326/api/products/ - - - 
2024-11-28 10:41:49.7235 INFO CORS policy execution successful. 
2024-11-28 10:41:49.7235 INFO Executing endpoint 'ProductsController.GetAll (ReactCRUDAPI)' 
2024-11-28 10:41:49.7703 INFO Route matched with {action = "GetAll", controller = "Products"}. Executing controller action with signature System.Threading.Tasks.Task`1[Microsoft.AspNetCore.Mvc.IActionResult] GetAll() on controller ProductsController (ReactCRUDAPI). 
2024-11-28 10:41:49.9771 INFO Fetching all products. 
2024-11-28 10:41:50.4635 WARN No store type was specified for the decimal property 'Price' on entity type 'Product'. This will cause values to be silently truncated if they do not fit in the default precision and scale. Explicitly specify the SQL server column type that can accommodate all the values in 'OnModelCreating' using 'HasColumnType', specify precision and scale using 'HasPrecision', or configure a value converter using 'HasConversion'. 
2024-11-28 10:41:53.5659 INFO Executed DbCommand (98ms) [Parameters=[], CommandType='Text', CommandTimeout='30']
SELECT [p].[Id], [p].[Description], [p].[Name], [p].[Price]
FROM [Products] AS [p] 
2024-11-28 10:41:53.7821 INFO Executing OkObjectResult, writing value of type 'System.Collections.Generic.List`1[[ReactCRUDAPI.Model.Product, ReactCRUDAPI, Version=1.0.0.0, Culture=neutral, PublicKeyToken=null]]'. 
2024-11-28 10:41:53.8435 INFO Executed action ProductsController.GetAll (ReactCRUDAPI) in 4059.9873ms 
2024-11-28 10:41:53.8435 INFO Executed endpoint 'ProductsController.GetAll (ReactCRUDAPI)' 
2024-11-28 10:41:53.8528 INFO Request finished HTTP/2 GET https://localhost:44326/api/products/ - 200 - application/json;+charset=utf-8 4158.8348ms 
2024-11-28 13:01:30.1926 INFO Request starting HTTP/2 GET https://localhost:44326/api/products/ - - - 
2024-11-28 13:01:30.1926 INFO CORS policy execution successful. 
2024-11-28 13:01:30.1926 INFO Executing endpoint 'ProductsController.GetAll (ReactCRUDAPI)' 
2024-11-28 13:01:30.1926 INFO Route matched with {action = "GetAll", controller = "Products"}. Executing controller action with signature System.Threading.Tasks.Task`1[Microsoft.AspNetCore.Mvc.IActionResult] GetAll() on controller ProductsController (ReactCRUDAPI). 
2024-11-28 13:01:30.2086 INFO Fetching all products. 
2024-11-28 13:01:31.1300 INFO Executed DbCommand (4ms) [Parameters=[], CommandType='Text', CommandTimeout='30']
SELECT [p].[Id], [p].[Description], [p].[Name], [p].[Price]
FROM [Products] AS [p] 
2024-11-28 13:01:31.1300 INFO Executing OkObjectResult, writing value of type 'System.Collections.Generic.List`1[[ReactCRUDAPI.Model.Product, ReactCRUDAPI, Version=1.0.0.0, Culture=neutral, PublicKeyToken=null]]'. 
2024-11-28 13:01:31.1300 INFO Executed action ProductsController.GetAll (ReactCRUDAPI) in 938.5768ms 
2024-11-28 13:01:31.1300 INFO Executed endpoint 'ProductsController.GetAll (ReactCRUDAPI)' 
2024-11-28 13:01:31.1300 INFO Request finished HTTP/2 GET https://localhost:44326/api/products/ - 200 - application/json;+charset=utf-8 948.1624ms 
