2024-11-21 18:14:53.9288 Debug Starting application setup... 
2024-11-21 18:14:54.2468 Debug Registered model binder providers, in the following order: Microsoft.AspNetCore.Mvc.ModelBinding.Binders.BinderTypeModelBinderProvider, Microsoft.AspNetCore.Mvc.ModelBinding.Binders.ServicesModelBinderProvider, Microsoft.AspNetCore.Mvc.ModelBinding.Binders.BodyModelBinderProvider, Microsoft.AspNetCore.Mvc.ModelBinding.Binders.HeaderModelBinderProvider, Microsoft.AspNetCore.Mvc.ModelBinding.Binders.FloatingPointTypeModelBinderProvider, Microsoft.AspNetCore.Mvc.ModelBinding.Binders.EnumTypeModelBinderProvider, Microsoft.AspNetCore.Mvc.ModelBinding.Binders.DateTimeModelBinderProvider, Microsoft.AspNetCore.Mvc.ModelBinding.Binders.SimpleTypeModelBinderProvider, Microsoft.AspNetCore.Mvc.ModelBinding.Binders.TryParseModelBinderProvider, Microsoft.AspNetCore.Mvc.ModelBinding.Binders.CancellationTokenModelBinderProvider, Microsoft.AspNetCore.Mvc.ModelBinding.Binders.ByteArrayModelBinderProvider, Microsoft.AspNetCore.Mvc.ModelBinding.Binders.FormFileModelBinderProvider, Microsoft.AspNetCore.Mvc.ModelBinding.Binders.FormCollectionModelBinderProvider, Microsoft.AspNetCore.Mvc.ModelBinding.Binders.KeyValuePairModelBinderProvider, Microsoft.AspNetCore.Mvc.ModelBinding.Binders.DictionaryModelBinderProvider, Microsoft.AspNetCore.Mvc.ModelBinding.Binders.ArrayModelBinderProvider, Microsoft.AspNetCore.Mvc.ModelBinding.Binders.CollectionModelBinderProvider, Microsoft.AspNetCore.Mvc.ModelBinding.Binders.ComplexObjectModelBinderProvider 
2024-11-21 18:14:54.3163 Debug Hosting starting 
2024-11-21 18:14:54.4728 Debug Loaded hosting startup assembly ReactCRUDAPI 
2024-11-21 18:14:54.4728 Debug Loaded hosting startup assembly Microsoft.AspNetCore.Watch.BrowserRefresh 
2024-11-21 18:14:54.4728 Debug Loaded hosting startup assembly Microsoft.WebTools.BrowserLink.Net 
2024-11-21 18:14:54.4728 Info Application started. Press Ctrl+C to shut down. 
2024-11-21 18:14:54.4728 Info Hosting environment: Development 
2024-11-21 18:14:54.4728 Info Content root path: D:\React JS\ReactCRUDAPI 
2024-11-21 18:14:54.4728 Debug Hosting started 
2024-11-21 18:14:54.5319 Info Request starting HTTP/2 GET https://localhost:44326/swagger/index.html - - - 
2024-11-21 18:14:54.6585 Debug Wildcard detected, all requests with hosts will be allowed. 
2024-11-21 18:14:54.6801 Debug No candidates found for the request path '/swagger/index.html' 
2024-11-21 18:14:54.6801 Debug Request did not match any endpoints 
2024-11-21 18:14:54.8314 Debug Response markup is scheduled to include Browser Link script injection. 
2024-11-21 18:14:54.8314 Debug Response markup is scheduled to include browser refresh script injection. 
2024-11-21 18:14:54.9089 Debug Response markup was updated to include Browser Link script injection. 
2024-11-21 18:14:54.9089 Debug Response markup was updated to include browser refresh script injection. 
2024-11-21 18:14:54.9325 Info Request starting HTTP/2 GET https://localhost:44326/_framework/aspnetcore-browser-refresh.js - - - 
2024-11-21 18:14:54.9325 Debug Connection ID "18158513729233223685" disconnecting. 
2024-11-21 18:14:54.9325 Info Request starting HTTP/2 GET https://localhost:44326/_vs/browserLink - - - 
2024-11-21 18:14:54.9452 Info Request finished HTTP/2 GET https://localhost:44326/_framework/aspnetcore-browser-refresh.js - 200 13760 application/javascript;+charset=utf-8 11.4159ms 
2024-11-21 18:14:54.9452 Info Request finished HTTP/2 GET https://localhost:44326/swagger/index.html - 200 - text/html;charset=utf-8 421.9901ms 
2024-11-21 18:14:55.0105 Debug Connection ID "18374686494167138331" disconnecting. 
2024-11-21 18:14:55.0105 Info Request finished HTTP/2 GET https://localhost:44326/_vs/browserLink - 200 - text/javascript;+charset=UTF-8 77.7155ms 
2024-11-21 18:14:55.0596 Info Request starting HTTP/2 GET https://localhost:44326/swagger/v1/swagger.json - - - 
2024-11-21 18:14:55.0596 Debug No candidates found for the request path '/swagger/v1/swagger.json' 
2024-11-21 18:14:55.0596 Debug Request did not match any endpoints 
2024-11-21 18:14:55.2027 Debug Connection ID "18302628887244308526" disconnecting. 
2024-11-21 18:14:55.2027 Info Request finished HTTP/2 GET https://localhost:44326/swagger/v1/swagger.json - 200 - application/json;charset=utf-8 143.2317ms 
2024-11-21 18:15:23.0475 Info Request starting HTTP/2 GET https://localhost:44326/api/Products - - - 
2024-11-21 18:15:23.0551 Debug 1 candidate(s) found for the request path '/api/Products' 
2024-11-21 18:15:23.0551 Debug Endpoint 'ProductsController.GetAll (ReactCRUDAPI)' with route pattern 'api/Products' is valid for the request path '/api/Products' 
2024-11-21 18:15:23.0551 Debug Request matched endpoint 'ProductsController.GetAll (ReactCRUDAPI)' 
2024-11-21 18:15:23.0551 Debug Static files was skipped as the request already matched an endpoint. 
2024-11-21 18:15:23.0662 Info Executing endpoint 'ProductsController.GetAll (ReactCRUDAPI)' 
2024-11-21 18:15:23.0933 Info Route matched with {action = "GetAll", controller = "Products"}. Executing controller action with signature System.Threading.Tasks.Task`1[Microsoft.AspNetCore.Mvc.IActionResult] GetAll() on controller ProductsController (ReactCRUDAPI). 
2024-11-21 18:15:23.0982 Debug Execution plan of authorization filters (in the following order): None 
2024-11-21 18:15:23.0982 Debug Execution plan of resource filters (in the following order): None 
2024-11-21 18:15:23.0982 Debug Execution plan of action filters (in the following order): Microsoft.AspNetCore.Mvc.ModelBinding.UnsupportedContentTypeFilter (Order: -3000), Microsoft.AspNetCore.Mvc.Infrastructure.ModelStateInvalidFilter (Order: -2000) 
2024-11-21 18:15:23.0982 Debug Execution plan of exception filters (in the following order): None 
2024-11-21 18:15:23.0982 Debug Execution plan of result filters (in the following order): Microsoft.AspNetCore.Mvc.Infrastructure.ClientErrorResultFilter (Order: -2000) 
2024-11-21 18:15:23.0982 Debug Executing controller factory for controller ProductsController (ReactCRUDAPI) 
2024-11-21 18:15:23.2468 Debug An 'IServiceProvider' was created for internal use by Entity Framework. 
2024-11-21 18:15:23.2663 Debug Executed controller factory for controller ProductsController (ReactCRUDAPI) 
2024-11-21 18:15:23.2681 Info Fetching all products. 
2024-11-21 18:15:23.2681 Debug Starting the process of fetching all products. 
2024-11-21 18:15:23.6720 Warn No store type was specified for the decimal property 'Price' on entity type 'Product'. This will cause values to be silently truncated if they do not fit in the default precision and scale. Explicitly specify the SQL server column type that can accommodate all the values in 'OnModelCreating' using 'HasColumnType', specify precision and scale using 'HasPrecision', or configure a value converter using 'HasConversion'. 
2024-11-21 18:15:23.7321 Debug Entity Framework Core 9.0.0 initialized 'AppDbContext' using provider 'Microsoft.EntityFrameworkCore.SqlServer:9.0.0' with options: EngineType=SqlServer  
2024-11-21 18:15:23.7710 Debug Compiling query expression: 
'DbSet<Product>()' 
2024-11-21 18:15:24.0720 Debug Generated query execution expression: 
'queryContext => SingleQueryingEnumerable.Create<Product>(
    relationalQueryContext: (RelationalQueryContext)queryContext, 
    relationalCommandResolver: parameters => [LIFTABLE Constant: RelationalCommandCache.QueryExpression(
        Projection Mapping:
            EmptyProjectionMember -> Dictionary<IProperty, int> { [Property: Product.Id (int) Required PK AfterSave:Throw ValueGenerated.OnAdd, 0], [Property: Product.Description (string) Required, 1], [Property: Product.Name (string) Required, 2], [Property: Product.Price (decimal) Required, 3] }
        SELECT p.Id, p.Description, p.Name, p.Price
        FROM Products AS p) | Resolver: c => new RelationalCommandCache(
        c.Dependencies.MemoryCache, 
        c.RelationalDependencies.QuerySqlGeneratorFactory, 
        c.RelationalDependencies.RelationalParameterBasedSqlProcessorFactory, 
        Projection Mapping:
            EmptyProjectionMember -> Dictionary<IProperty, int> { [Property: Product.Id (int) Required PK AfterSave:Throw ValueGenerated.OnAdd, 0], [Property: Product.Description (string) Required, 1], [Property: Product.Name (string) Required, 2], [Property: Product.Price (decimal) Required, 3] }
        SELECT p.Id, p.Description, p.Name, p.Price
        FROM Products AS p, 
        False, 
        new HashSet<string>(
            new string[]{ }, 
            StringComparer.Ordinal
        )
    )].GetRelationalCommandTemplate(parameters), 
    readerColumns: null, 
    shaper: (queryContext, dataReader, resultContext, resultCoordinator) => 
    {
        Product entity;
        entity = 
        {
            MaterializationContext materializationContext1;
            IEntityType entityType1;
            Product instance1;
            InternalEntityEntry entry1;
            bool hasNullKey1;
            materializationContext1 = new MaterializationContext(
                [LIFTABLE Constant: ValueBuffer | Resolver: _ => (object)ValueBuffer.Empty], 
                queryContext.Context
            );
            instance1 = default(Product);
            entry1 = queryContext.TryGetEntry(
                key: [LIFTABLE Constant: Key: Product.Id PK | Resolver: c => c.Dependencies.Model.FindEntityType("ReactCRUDAPI.Model.Product").FindPrimaryKey()], 
                keyValues: new object[]{ (object)dataReader.GetInt32(0) }, 
                throwOnNullKey: True, 
                hasNullKey: hasNullKey1);
            !(hasNullKey1) ? entry1 != default(InternalEntityEntry) ? 
            {
                entityType1 = entry1.EntityType;
                return instance1 = (Product)entry1.Entity;
            } : 
            {
                ISnapshot shadowSnapshot1;
                shadowSnapshot1 = [LIFTABLE Constant: Snapshot | Resolver: _ => Snapshot.Empty];
                entityType1 = [LIFTABLE Constant: EntityType: Product | Resolver: namelessParameter{0} => namelessParameter{0}.Dependencies.Model.FindEntityType("ReactCRUDAPI.Model.Product")];
                instance1 = switch (entityType1)
                {
                    case [LIFTABLE Constant: EntityType: Product | Resolver: namelessParameter{1} => namelessParameter{1}.Dependencies.Model.FindEntityType("ReactCRUDAPI.Model.Product")]: 
                        {
                            return 
                            {
                                Product instance;
                                instance = new Product();
                                instance.<Id>k__BackingField = dataReader.GetInt32(0);
                                instance.<Description>k__BackingField = dataReader.GetString(1);
                                instance.<Name>k__BackingField = dataReader.GetString(2);
                                instance.<Price>k__BackingField = dataReader.GetDecimal(3);
                                (instance is IInjectableService) ? ((IInjectableService)instance).Injected(
                                    context: materializationContext1.Context, 
                                    entity: instance, 
                                    queryTrackingBehavior: TrackAll, 
                                    structuralType: [LIFTABLE Constant: EntityType: Product | Resolver: namelessParameter{2} => namelessParameter{2}.Dependencies.Model.FindEntityType("ReactCRUDAPI.Model.Product")]) : default(void);
                                return instance;
                            }}
                    default: 
                        default(Product)
                }
                ;
                entry1 = entityType1 == default(IEntityType) ? default(InternalEntityEntry) : queryContext.StartTracking(
                    entityType: entityType1, 
                    entity: instance1, 
                    snapshot: shadowSnapshot1);
                return instance1;
            } : default(void);
            return instance1;
        };
        return entity;
    }, 
    contextType: ReactCRUDAPI.Data.AppDbContext, 
    standAloneStateManager: False, 
    detailedErrorsEnabled: False, 
    threadSafetyChecksEnabled: True)' 
2024-11-21 18:15:24.1058 Debug Creating DbConnection. 
2024-11-21 18:15:24.1257 Debug Created DbConnection. (17ms). 
2024-11-21 18:15:24.1298 Debug Opening connection to database 'ReactCRUDDB' on server '(localdb)\MSSQLLocalDB'. 
2024-11-21 18:15:24.4380 Debug Opened connection to database 'ReactCRUDDB' on server '(localdb)\MSSQLLocalDB'. 
2024-11-21 18:15:24.4413 Debug Creating DbCommand for 'ExecuteReader'. 
2024-11-21 18:15:24.4413 Debug Created DbCommand for 'ExecuteReader' (3ms). 
2024-11-21 18:15:24.4413 Debug Initialized DbCommand for 'ExecuteReader' (9ms). 
2024-11-21 18:15:24.4561 Debug Executing DbCommand [Parameters=[], CommandType='Text', CommandTimeout='30']
SELECT [p].[Id], [p].[Description], [p].[Name], [p].[Price]
FROM [Products] AS [p] 
2024-11-21 18:15:24.4980 Info Executed DbCommand (39ms) [Parameters=[], CommandType='Text', CommandTimeout='30']
SELECT [p].[Id], [p].[Description], [p].[Name], [p].[Price]
FROM [Products] AS [p] 
2024-11-21 18:15:24.5414 Debug Context 'AppDbContext' started tracking 'Product' entity. Consider using 'DbContextOptionsBuilder.EnableSensitiveDataLogging' to see key values. 
2024-11-21 18:15:24.5618 Debug Context 'AppDbContext' started tracking 'Product' entity. Consider using 'DbContextOptionsBuilder.EnableSensitiveDataLogging' to see key values. 
2024-11-21 18:15:24.5618 Debug Context 'AppDbContext' started tracking 'Product' entity. Consider using 'DbContextOptionsBuilder.EnableSensitiveDataLogging' to see key values. 
2024-11-21 18:15:24.5618 Debug Context 'AppDbContext' started tracking 'Product' entity. Consider using 'DbContextOptionsBuilder.EnableSensitiveDataLogging' to see key values. 
2024-11-21 18:15:24.5665 Debug Closing data reader to 'ReactCRUDDB' on server '(localdb)\MSSQLLocalDB'. 
2024-11-21 18:15:24.5665 Debug A data reader for 'ReactCRUDDB' on server '(localdb)\MSSQLLocalDB' is being disposed after spending 69ms reading results. 
2024-11-21 18:15:24.5665 Debug Closing connection to database 'ReactCRUDDB' on server '(localdb)\MSSQLLocalDB'. 
2024-11-21 18:15:24.5800 Debug Closed connection to database 'ReactCRUDDB' on server '(localdb)\MSSQLLocalDB' (5ms). 
2024-11-21 18:15:24.5800 Debug List of registered output formatters, in the following order: Microsoft.AspNetCore.Mvc.Formatters.HttpNoContentOutputFormatter, Microsoft.AspNetCore.Mvc.Formatters.StringOutputFormatter, Microsoft.AspNetCore.Mvc.Formatters.StreamOutputFormatter, Microsoft.AspNetCore.Mvc.Formatters.SystemTextJsonOutputFormatter 
2024-11-21 18:15:24.5800 Debug No information found on request to perform content negotiation. 
2024-11-21 18:15:24.5800 Debug Attempting to select an output formatter without using a content type as no explicit content types were specified for the response. 
2024-11-21 18:15:24.5800 Debug Attempting to select the first formatter in the output formatters list which can write the result. 
2024-11-21 18:15:24.5800 Debug Selected output formatter 'Microsoft.AspNetCore.Mvc.Formatters.SystemTextJsonOutputFormatter' and content type 'application/json' to write the response. 
2024-11-21 18:15:24.5800 Info Executing OkObjectResult, writing value of type 'System.Collections.Generic.List`1[[ReactCRUDAPI.Model.Product, ReactCRUDAPI, Version=1.0.0.0, Culture=neutral, PublicKeyToken=null]]'. 
2024-11-21 18:15:24.6072 Info Executed action ProductsController.GetAll (ReactCRUDAPI) in 1503.1758ms 
2024-11-21 18:15:24.6072 Info Executed endpoint 'ProductsController.GetAll (ReactCRUDAPI)' 
2024-11-21 18:15:24.6072 Debug Connection ID "18086456105130524681" disconnecting. 
2024-11-21 18:15:24.6122 Debug 'AppDbContext' disposed. 
2024-11-21 18:15:24.6122 Debug Disposing connection to database 'ReactCRUDDB' on server '(localdb)\MSSQLLocalDB'. 
2024-11-21 18:15:24.6122 Debug Disposed connection to database '' on server '' (1ms). 
2024-11-21 18:15:24.6122 Info Request finished HTTP/2 GET https://localhost:44326/api/Products - 200 - application/json;+charset=utf-8 1569.9845ms 
2024-11-21 18:19:55.0800 Debug Starting application setup... 
2024-11-21 18:19:55.6694 Debug Registered model binder providers, in the following order: Microsoft.AspNetCore.Mvc.ModelBinding.Binders.BinderTypeModelBinderProvider, Microsoft.AspNetCore.Mvc.ModelBinding.Binders.ServicesModelBinderProvider, Microsoft.AspNetCore.Mvc.ModelBinding.Binders.BodyModelBinderProvider, Microsoft.AspNetCore.Mvc.ModelBinding.Binders.HeaderModelBinderProvider, Microsoft.AspNetCore.Mvc.ModelBinding.Binders.FloatingPointTypeModelBinderProvider, Microsoft.AspNetCore.Mvc.ModelBinding.Binders.EnumTypeModelBinderProvider, Microsoft.AspNetCore.Mvc.ModelBinding.Binders.DateTimeModelBinderProvider, Microsoft.AspNetCore.Mvc.ModelBinding.Binders.SimpleTypeModelBinderProvider, Microsoft.AspNetCore.Mvc.ModelBinding.Binders.TryParseModelBinderProvider, Microsoft.AspNetCore.Mvc.ModelBinding.Binders.CancellationTokenModelBinderProvider, Microsoft.AspNetCore.Mvc.ModelBinding.Binders.ByteArrayModelBinderProvider, Microsoft.AspNetCore.Mvc.ModelBinding.Binders.FormFileModelBinderProvider, Microsoft.AspNetCore.Mvc.ModelBinding.Binders.FormCollectionModelBinderProvider, Microsoft.AspNetCore.Mvc.ModelBinding.Binders.KeyValuePairModelBinderProvider, Microsoft.AspNetCore.Mvc.ModelBinding.Binders.DictionaryModelBinderProvider, Microsoft.AspNetCore.Mvc.ModelBinding.Binders.ArrayModelBinderProvider, Microsoft.AspNetCore.Mvc.ModelBinding.Binders.CollectionModelBinderProvider, Microsoft.AspNetCore.Mvc.ModelBinding.Binders.ComplexObjectModelBinderProvider 
2024-11-21 18:19:55.8409 Debug Hosting starting 
2024-11-21 18:19:56.0906 Debug Loaded hosting startup assembly ReactCRUDAPI 
2024-11-21 18:19:56.0906 Debug Loaded hosting startup assembly Microsoft.AspNetCore.Watch.BrowserRefresh 
2024-11-21 18:19:56.0906 Debug Loaded hosting startup assembly Microsoft.WebTools.BrowserLink.Net 
2024-11-21 18:19:56.0906 Info Application started. Press Ctrl+C to shut down. 
2024-11-21 18:19:56.1033 Info Hosting environment: Development 
2024-11-21 18:19:56.1033 Info Content root path: D:\React JS\ReactCRUDAPI 
2024-11-21 18:19:56.1033 Debug Hosting started 
2024-11-21 18:19:56.1617 Info Request starting HTTP/2 GET https://localhost:44326/swagger/index.html - - - 
2024-11-21 18:19:56.3044 Debug Wildcard detected, all requests with hosts will be allowed. 
2024-11-21 18:19:56.3308 Debug No candidates found for the request path '/swagger/index.html' 
2024-11-21 18:19:56.3308 Debug Request did not match any endpoints 
2024-11-21 18:19:56.5476 Debug Response markup is scheduled to include Browser Link script injection. 
2024-11-21 18:19:56.5527 Debug Response markup is scheduled to include browser refresh script injection. 
2024-11-21 18:19:56.6570 Debug Response markup was updated to include Browser Link script injection. 
2024-11-21 18:19:56.6583 Debug Response markup was updated to include browser refresh script injection. 
2024-11-21 18:19:56.6583 Debug Connection ID "18230571306091282443" disconnecting. 
2024-11-21 18:19:56.6765 Info Request starting HTTP/2 GET https://localhost:44326/_framework/aspnetcore-browser-refresh.js - - - 
2024-11-21 18:19:56.6765 Info Request starting HTTP/2 GET https://localhost:44326/_vs/browserLink - - - 
2024-11-21 18:19:56.7068 Debug Connection ID "18086456113720459281" disconnecting. 
2024-11-21 18:19:56.7068 Info Request finished HTTP/2 GET https://localhost:44326/swagger/index.html - 200 - text/html;charset=utf-8 532.6336ms 
2024-11-21 18:19:56.7068 Info Request finished HTTP/2 GET https://localhost:44326/_framework/aspnetcore-browser-refresh.js - 200 13760 application/javascript;+charset=utf-8 13.3281ms 
2024-11-21 18:19:56.7664 Debug Connection ID "18230571297501347860" disconnecting. 
2024-11-21 18:19:56.7721 Info Request finished HTTP/2 GET https://localhost:44326/_vs/browserLink - 200 - text/javascript;+charset=UTF-8 84.7359ms 
2024-11-21 18:19:56.8148 Info Request starting HTTP/2 GET https://localhost:44326/swagger/v1/swagger.json - - - 
2024-11-21 18:19:56.8148 Debug No candidates found for the request path '/swagger/v1/swagger.json' 
2024-11-21 18:19:56.8148 Debug Request did not match any endpoints 
2024-11-21 18:19:57.7095 Info Request finished HTTP/2 GET https://localhost:44326/swagger/v1/swagger.json - 200 - application/json;charset=utf-8 894.5707ms 
2024-11-21 18:19:57.7095 Debug Connection ID "18230571297501347862" disconnecting. 
2024-11-21 18:20:26.2360 Info Request starting HTTP/2 GET https://localhost:44326/api/Products - - - 
2024-11-21 18:20:26.2716 Debug 1 candidate(s) found for the request path '/api/Products' 
2024-11-21 18:20:26.2912 Debug Endpoint 'ProductsController.GetAll (ReactCRUDAPI)' with route pattern 'api/Products' is valid for the request path '/api/Products' 
2024-11-21 18:20:26.2912 Debug Request matched endpoint 'ProductsController.GetAll (ReactCRUDAPI)' 
2024-11-21 18:20:26.3043 Debug Static files was skipped as the request already matched an endpoint. 
2024-11-21 18:20:26.3168 Info Executing endpoint 'ProductsController.GetAll (ReactCRUDAPI)' 
2024-11-21 18:20:26.4351 Info Route matched with {action = "GetAll", controller = "Products"}. Executing controller action with signature System.Threading.Tasks.Task`1[Microsoft.AspNetCore.Mvc.IActionResult] GetAll() on controller ProductsController (ReactCRUDAPI). 
2024-11-21 18:20:26.4493 Debug Execution plan of authorization filters (in the following order): None 
2024-11-21 18:20:26.4493 Debug Execution plan of resource filters (in the following order): None 
2024-11-21 18:20:26.4493 Debug Execution plan of action filters (in the following order): Microsoft.AspNetCore.Mvc.ModelBinding.UnsupportedContentTypeFilter (Order: -3000), Microsoft.AspNetCore.Mvc.Infrastructure.ModelStateInvalidFilter (Order: -2000) 
2024-11-21 18:20:26.4493 Debug Execution plan of exception filters (in the following order): None 
2024-11-21 18:20:26.4493 Debug Execution plan of result filters (in the following order): Microsoft.AspNetCore.Mvc.Infrastructure.ClientErrorResultFilter (Order: -2000) 
2024-11-21 18:20:26.4590 Debug Executing controller factory for controller ProductsController (ReactCRUDAPI) 
2024-11-21 18:20:26.8205 Debug An 'IServiceProvider' was created for internal use by Entity Framework. 
2024-11-21 18:20:26.8423 Debug Executed controller factory for controller ProductsController (ReactCRUDAPI) 
2024-11-21 18:20:26.8423 Info Fetching all products. 
2024-11-21 18:20:27.2847 Warn No store type was specified for the decimal property 'Price' on entity type 'Product'. This will cause values to be silently truncated if they do not fit in the default precision and scale. Explicitly specify the SQL server column type that can accommodate all the values in 'OnModelCreating' using 'HasColumnType', specify precision and scale using 'HasPrecision', or configure a value converter using 'HasConversion'. 
2024-11-21 18:20:27.3575 Debug Entity Framework Core 9.0.0 initialized 'AppDbContext' using provider 'Microsoft.EntityFrameworkCore.SqlServer:9.0.0' with options: EngineType=SqlServer  
2024-11-21 18:20:27.3976 Debug Compiling query expression: 
'DbSet<Product>()' 
2024-11-21 18:20:27.6877 Debug Generated query execution expression: 
'queryContext => SingleQueryingEnumerable.Create<Product>(
    relationalQueryContext: (RelationalQueryContext)queryContext, 
    relationalCommandResolver: parameters => [LIFTABLE Constant: RelationalCommandCache.QueryExpression(
        Projection Mapping:
            EmptyProjectionMember -> Dictionary<IProperty, int> { [Property: Product.Id (int) Required PK AfterSave:Throw ValueGenerated.OnAdd, 0], [Property: Product.Description (string) Required, 1], [Property: Product.Name (string) Required, 2], [Property: Product.Price (decimal) Required, 3] }
        SELECT p.Id, p.Description, p.Name, p.Price
        FROM Products AS p) | Resolver: c => new RelationalCommandCache(
        c.Dependencies.MemoryCache, 
        c.RelationalDependencies.QuerySqlGeneratorFactory, 
        c.RelationalDependencies.RelationalParameterBasedSqlProcessorFactory, 
        Projection Mapping:
            EmptyProjectionMember -> Dictionary<IProperty, int> { [Property: Product.Id (int) Required PK AfterSave:Throw ValueGenerated.OnAdd, 0], [Property: Product.Description (string) Required, 1], [Property: Product.Name (string) Required, 2], [Property: Product.Price (decimal) Required, 3] }
        SELECT p.Id, p.Description, p.Name, p.Price
        FROM Products AS p, 
        False, 
        new HashSet<string>(
            new string[]{ }, 
            StringComparer.Ordinal
        )
    )].GetRelationalCommandTemplate(parameters), 
    readerColumns: null, 
    shaper: (queryContext, dataReader, resultContext, resultCoordinator) => 
    {
        Product entity;
        entity = 
        {
            MaterializationContext materializationContext1;
            IEntityType entityType1;
            Product instance1;
            InternalEntityEntry entry1;
            bool hasNullKey1;
            materializationContext1 = new MaterializationContext(
                [LIFTABLE Constant: ValueBuffer | Resolver: _ => (object)ValueBuffer.Empty], 
                queryContext.Context
            );
            instance1 = default(Product);
            entry1 = queryContext.TryGetEntry(
                key: [LIFTABLE Constant: Key: Product.Id PK | Resolver: c => c.Dependencies.Model.FindEntityType("ReactCRUDAPI.Model.Product").FindPrimaryKey()], 
                keyValues: new object[]{ (object)dataReader.GetInt32(0) }, 
                throwOnNullKey: True, 
                hasNullKey: hasNullKey1);
            !(hasNullKey1) ? entry1 != default(InternalEntityEntry) ? 
            {
                entityType1 = entry1.EntityType;
                return instance1 = (Product)entry1.Entity;
            } : 
            {
                ISnapshot shadowSnapshot1;
                shadowSnapshot1 = [LIFTABLE Constant: Snapshot | Resolver: _ => Snapshot.Empty];
                entityType1 = [LIFTABLE Constant: EntityType: Product | Resolver: namelessParameter{0} => namelessParameter{0}.Dependencies.Model.FindEntityType("ReactCRUDAPI.Model.Product")];
                instance1 = switch (entityType1)
                {
                    case [LIFTABLE Constant: EntityType: Product | Resolver: namelessParameter{1} => namelessParameter{1}.Dependencies.Model.FindEntityType("ReactCRUDAPI.Model.Product")]: 
                        {
                            return 
                            {
                                Product instance;
                                instance = new Product();
                                instance.<Id>k__BackingField = dataReader.GetInt32(0);
                                instance.<Description>k__BackingField = dataReader.GetString(1);
                                instance.<Name>k__BackingField = dataReader.GetString(2);
                                instance.<Price>k__BackingField = dataReader.GetDecimal(3);
                                (instance is IInjectableService) ? ((IInjectableService)instance).Injected(
                                    context: materializationContext1.Context, 
                                    entity: instance, 
                                    queryTrackingBehavior: TrackAll, 
                                    structuralType: [LIFTABLE Constant: EntityType: Product | Resolver: namelessParameter{2} => namelessParameter{2}.Dependencies.Model.FindEntityType("ReactCRUDAPI.Model.Product")]) : default(void);
                                return instance;
                            }}
                    default: 
                        default(Product)
                }
                ;
                entry1 = entityType1 == default(IEntityType) ? default(InternalEntityEntry) : queryContext.StartTracking(
                    entityType: entityType1, 
                    entity: instance1, 
                    snapshot: shadowSnapshot1);
                return instance1;
            } : default(void);
            return instance1;
        };
        return entity;
    }, 
    contextType: ReactCRUDAPI.Data.AppDbContext, 
    standAloneStateManager: False, 
    detailedErrorsEnabled: False, 
    threadSafetyChecksEnabled: True)' 
2024-11-21 18:20:27.7232 Debug Creating DbConnection. 
2024-11-21 18:20:27.7461 Debug Created DbConnection. (18ms). 
2024-11-21 18:20:27.7461 Debug Opening connection to database 'ReactCRUDDB' on server '(localdb)\MSSQLLocalDB'. 
2024-11-21 18:20:28.0039 Debug Opened connection to database 'ReactCRUDDB' on server '(localdb)\MSSQLLocalDB'. 
2024-11-21 18:20:28.0039 Debug Creating DbCommand for 'ExecuteReader'. 
2024-11-21 18:20:28.0039 Debug Created DbCommand for 'ExecuteReader' (3ms). 
2024-11-21 18:20:28.0039 Debug Initialized DbCommand for 'ExecuteReader' (9ms). 
2024-11-21 18:20:28.0225 Debug Executing DbCommand [Parameters=[], CommandType='Text', CommandTimeout='30']
SELECT [p].[Id], [p].[Description], [p].[Name], [p].[Price]
FROM [Products] AS [p] 
2024-11-21 18:20:28.0618 Info Executed DbCommand (39ms) [Parameters=[], CommandType='Text', CommandTimeout='30']
SELECT [p].[Id], [p].[Description], [p].[Name], [p].[Price]
FROM [Products] AS [p] 
2024-11-21 18:20:28.1170 Debug Context 'AppDbContext' started tracking 'Product' entity. Consider using 'DbContextOptionsBuilder.EnableSensitiveDataLogging' to see key values. 
2024-11-21 18:20:28.1409 Debug Context 'AppDbContext' started tracking 'Product' entity. Consider using 'DbContextOptionsBuilder.EnableSensitiveDataLogging' to see key values. 
2024-11-21 18:20:28.1409 Debug Context 'AppDbContext' started tracking 'Product' entity. Consider using 'DbContextOptionsBuilder.EnableSensitiveDataLogging' to see key values. 
2024-11-21 18:20:28.1409 Debug Context 'AppDbContext' started tracking 'Product' entity. Consider using 'DbContextOptionsBuilder.EnableSensitiveDataLogging' to see key values. 
2024-11-21 18:20:28.1463 Debug Closing data reader to 'ReactCRUDDB' on server '(localdb)\MSSQLLocalDB'. 
2024-11-21 18:20:28.1463 Debug A data reader for 'ReactCRUDDB' on server '(localdb)\MSSQLLocalDB' is being disposed after spending 85ms reading results. 
2024-11-21 18:20:28.1463 Debug Closing connection to database 'ReactCRUDDB' on server '(localdb)\MSSQLLocalDB'. 
2024-11-21 18:20:28.1625 Debug Closed connection to database 'ReactCRUDDB' on server '(localdb)\MSSQLLocalDB' (5ms). 
2024-11-21 18:20:28.1625 Debug List of registered output formatters, in the following order: Microsoft.AspNetCore.Mvc.Formatters.HttpNoContentOutputFormatter, Microsoft.AspNetCore.Mvc.Formatters.StringOutputFormatter, Microsoft.AspNetCore.Mvc.Formatters.StreamOutputFormatter, Microsoft.AspNetCore.Mvc.Formatters.SystemTextJsonOutputFormatter 
2024-11-21 18:20:28.1625 Debug No information found on request to perform content negotiation. 
2024-11-21 18:20:28.1625 Debug Attempting to select an output formatter without using a content type as no explicit content types were specified for the response. 
2024-11-21 18:20:28.1625 Debug Attempting to select the first formatter in the output formatters list which can write the result. 
2024-11-21 18:20:28.1625 Debug Selected output formatter 'Microsoft.AspNetCore.Mvc.Formatters.SystemTextJsonOutputFormatter' and content type 'application/json' to write the response. 
2024-11-21 18:20:28.1625 Info Executing OkObjectResult, writing value of type 'System.Collections.Generic.List`1[[ReactCRUDAPI.Model.Product, ReactCRUDAPI, Version=1.0.0.0, Culture=neutral, PublicKeyToken=null]]'. 
2024-11-21 18:20:28.2009 Info Executed action ProductsController.GetAll (ReactCRUDAPI) in 1742.2688ms 
2024-11-21 18:20:28.2009 Info Executed endpoint 'ProductsController.GetAll (ReactCRUDAPI)' 
2024-11-21 18:20:28.2009 Debug Connection ID "18374686481282236427" disconnecting. 
2024-11-21 18:20:28.2057 Debug 'AppDbContext' disposed. 
2024-11-21 18:20:28.2057 Debug Disposing connection to database 'ReactCRUDDB' on server '(localdb)\MSSQLLocalDB'. 
2024-11-21 18:20:28.2057 Debug Disposed connection to database '' on server '' (1ms). 
2024-11-21 18:20:28.2057 Info Request finished HTTP/2 GET https://localhost:44326/api/Products - 200 - application/json;+charset=utf-8 1976.5338ms 
2024-11-21 18:21:34.1529 Debug Starting application setup... 
2024-11-21 18:21:34.4688 Debug Registered model binder providers, in the following order: Microsoft.AspNetCore.Mvc.ModelBinding.Binders.BinderTypeModelBinderProvider, Microsoft.AspNetCore.Mvc.ModelBinding.Binders.ServicesModelBinderProvider, Microsoft.AspNetCore.Mvc.ModelBinding.Binders.BodyModelBinderProvider, Microsoft.AspNetCore.Mvc.ModelBinding.Binders.HeaderModelBinderProvider, Microsoft.AspNetCore.Mvc.ModelBinding.Binders.FloatingPointTypeModelBinderProvider, Microsoft.AspNetCore.Mvc.ModelBinding.Binders.EnumTypeModelBinderProvider, Microsoft.AspNetCore.Mvc.ModelBinding.Binders.DateTimeModelBinderProvider, Microsoft.AspNetCore.Mvc.ModelBinding.Binders.SimpleTypeModelBinderProvider, Microsoft.AspNetCore.Mvc.ModelBinding.Binders.TryParseModelBinderProvider, Microsoft.AspNetCore.Mvc.ModelBinding.Binders.CancellationTokenModelBinderProvider, Microsoft.AspNetCore.Mvc.ModelBinding.Binders.ByteArrayModelBinderProvider, Microsoft.AspNetCore.Mvc.ModelBinding.Binders.FormFileModelBinderProvider, Microsoft.AspNetCore.Mvc.ModelBinding.Binders.FormCollectionModelBinderProvider, Microsoft.AspNetCore.Mvc.ModelBinding.Binders.KeyValuePairModelBinderProvider, Microsoft.AspNetCore.Mvc.ModelBinding.Binders.DictionaryModelBinderProvider, Microsoft.AspNetCore.Mvc.ModelBinding.Binders.ArrayModelBinderProvider, Microsoft.AspNetCore.Mvc.ModelBinding.Binders.CollectionModelBinderProvider, Microsoft.AspNetCore.Mvc.ModelBinding.Binders.ComplexObjectModelBinderProvider 
2024-11-21 18:21:34.5385 Debug Hosting starting 
2024-11-21 18:21:34.6722 Debug Loaded hosting startup assembly ReactCRUDAPI 
2024-11-21 18:21:34.6722 Debug Loaded hosting startup assembly Microsoft.AspNetCore.Watch.BrowserRefresh 
2024-11-21 18:21:34.6722 Debug Loaded hosting startup assembly Microsoft.WebTools.BrowserLink.Net 
2024-11-21 18:21:34.6793 Info Application started. Press Ctrl+C to shut down. 
2024-11-21 18:21:34.6793 Info Hosting environment: Development 
2024-11-21 18:21:34.6793 Info Content root path: D:\React JS\ReactCRUDAPI 
2024-11-21 18:21:34.6793 Debug Hosting started 
2024-11-21 18:21:34.7333 Info Request starting HTTP/2 GET https://localhost:44326/swagger/index.html - - - 
2024-11-21 18:21:34.8613 Debug Wildcard detected, all requests with hosts will be allowed. 
2024-11-21 18:21:34.8815 Debug No candidates found for the request path '/swagger/index.html' 
2024-11-21 18:21:34.8815 Debug Request did not match any endpoints 
2024-11-21 18:21:35.0616 Debug Response markup is scheduled to include Browser Link script injection. 
2024-11-21 18:21:35.0616 Debug Response markup is scheduled to include browser refresh script injection. 
2024-11-21 18:21:35.1131 Debug Response markup was updated to include Browser Link script injection. 
2024-11-21 18:21:35.1131 Debug Response markup was updated to include browser refresh script injection. 
2024-11-21 18:21:35.1131 Debug Connection ID "18230571318976184395" disconnecting. 
2024-11-21 18:21:35.1269 Info Request starting HTTP/2 GET https://localhost:44326/_framework/aspnetcore-browser-refresh.js - - - 
2024-11-21 18:21:35.1131 Info Request finished HTTP/2 GET https://localhost:44326/swagger/index.html - 200 - text/html;charset=utf-8 404.8748ms 
2024-11-21 18:21:35.1269 Info Request starting HTTP/2 GET https://localhost:44326/_vs/browserLink - - - 
2024-11-21 18:21:35.1269 Info Request finished HTTP/2 GET https://localhost:44326/_framework/aspnetcore-browser-refresh.js - 200 13760 application/javascript;+charset=utf-8 5.5031ms 
2024-11-21 18:21:35.1861 Debug Connection ID "18230571310386249801" disconnecting. 
2024-11-21 18:21:35.1908 Info Request finished HTTP/2 GET https://localhost:44326/_vs/browserLink - 200 - text/javascript;+charset=UTF-8 59.6977ms 
2024-11-21 18:21:35.2560 Info Request starting HTTP/2 GET https://localhost:44326/swagger/v1/swagger.json - - - 
2024-11-21 18:21:35.2560 Debug No candidates found for the request path '/swagger/v1/swagger.json' 
2024-11-21 18:21:35.2560 Debug Request did not match any endpoints 
2024-11-21 18:21:35.3941 Debug Connection ID "18230571310386249803" disconnecting. 
2024-11-21 18:21:35.3941 Info Request finished HTTP/2 GET https://localhost:44326/swagger/v1/swagger.json - 200 - application/json;charset=utf-8 138.1825ms 
2024-11-21 18:22:10.9969 Debug Starting application setup... 
2024-11-21 18:22:20.3544 Debug Registered model binder providers, in the following order: Microsoft.AspNetCore.Mvc.ModelBinding.Binders.BinderTypeModelBinderProvider, Microsoft.AspNetCore.Mvc.ModelBinding.Binders.ServicesModelBinderProvider, Microsoft.AspNetCore.Mvc.ModelBinding.Binders.BodyModelBinderProvider, Microsoft.AspNetCore.Mvc.ModelBinding.Binders.HeaderModelBinderProvider, Microsoft.AspNetCore.Mvc.ModelBinding.Binders.FloatingPointTypeModelBinderProvider, Microsoft.AspNetCore.Mvc.ModelBinding.Binders.EnumTypeModelBinderProvider, Microsoft.AspNetCore.Mvc.ModelBinding.Binders.DateTimeModelBinderProvider, Microsoft.AspNetCore.Mvc.ModelBinding.Binders.SimpleTypeModelBinderProvider, Microsoft.AspNetCore.Mvc.ModelBinding.Binders.TryParseModelBinderProvider, Microsoft.AspNetCore.Mvc.ModelBinding.Binders.CancellationTokenModelBinderProvider, Microsoft.AspNetCore.Mvc.ModelBinding.Binders.ByteArrayModelBinderProvider, Microsoft.AspNetCore.Mvc.ModelBinding.Binders.FormFileModelBinderProvider, Microsoft.AspNetCore.Mvc.ModelBinding.Binders.FormCollectionModelBinderProvider, Microsoft.AspNetCore.Mvc.ModelBinding.Binders.KeyValuePairModelBinderProvider, Microsoft.AspNetCore.Mvc.ModelBinding.Binders.DictionaryModelBinderProvider, Microsoft.AspNetCore.Mvc.ModelBinding.Binders.ArrayModelBinderProvider, Microsoft.AspNetCore.Mvc.ModelBinding.Binders.CollectionModelBinderProvider, Microsoft.AspNetCore.Mvc.ModelBinding.Binders.ComplexObjectModelBinderProvider 
2024-11-21 18:22:21.1830 Debug Hosting starting 
2024-11-21 18:22:21.3360 Debug Loaded hosting startup assembly ReactCRUDAPI 
2024-11-21 18:22:21.3360 Debug Loaded hosting startup assembly Microsoft.AspNetCore.Watch.BrowserRefresh 
2024-11-21 18:22:21.3360 Debug Loaded hosting startup assembly Microsoft.WebTools.BrowserLink.Net 
2024-11-21 18:22:21.3360 Info Application started. Press Ctrl+C to shut down. 
2024-11-21 18:22:21.3360 Info Hosting environment: Development 
2024-11-21 18:22:21.3360 Info Content root path: D:\React JS\ReactCRUDAPI 
2024-11-21 18:22:21.3455 Debug Hosting started 
2024-11-21 18:22:21.3945 Info Request starting HTTP/2 GET https://localhost:44326/swagger/index.html - - - 
2024-11-21 18:22:21.5274 Debug Wildcard detected, all requests with hosts will be allowed. 
2024-11-21 18:22:21.5437 Debug No candidates found for the request path '/swagger/index.html' 
2024-11-21 18:22:21.5437 Debug Request did not match any endpoints 
2024-11-21 18:22:21.6876 Debug Response markup is scheduled to include Browser Link script injection. 
2024-11-21 18:22:21.6876 Debug Response markup is scheduled to include browser refresh script injection. 
2024-11-21 18:22:21.7322 Debug Response markup was updated to include Browser Link script injection. 
2024-11-21 18:22:21.7322 Debug Response markup was updated to include browser refresh script injection. 
2024-11-21 18:22:21.7399 Debug Connection ID "18230571310386249805" disconnecting. 
2024-11-21 18:22:21.7399 Info Request finished HTTP/2 GET https://localhost:44326/swagger/index.html - 200 - text/html;charset=utf-8 360.8812ms 
2024-11-21 18:22:21.7680 Info Request starting HTTP/2 GET https://localhost:44326/_framework/aspnetcore-browser-refresh.js - - - 
2024-11-21 18:22:21.7680 Info Request starting HTTP/2 GET https://localhost:44326/_vs/browserLink - - - 
2024-11-21 18:22:21.7680 Debug Connection ID "18374686481282236429" disconnecting. 
2024-11-21 18:22:21.7680 Info Request finished HTTP/2 GET https://localhost:44326/_framework/aspnetcore-browser-refresh.js - 200 13760 application/javascript;+charset=utf-8 4.8134ms 
2024-11-21 18:22:21.8308 Debug Connection ID "18086456105130524683" disconnecting. 
2024-11-21 18:22:21.8308 Info Request finished HTTP/2 GET https://localhost:44326/_vs/browserLink - 200 - text/javascript;+charset=UTF-8 61.2122ms 
2024-11-21 18:22:21.8763 Info Request starting HTTP/2 GET https://localhost:44326/swagger/v1/swagger.json - - - 
2024-11-21 18:22:21.8763 Debug No candidates found for the request path '/swagger/v1/swagger.json' 
2024-11-21 18:22:21.8763 Debug Request did not match any endpoints 
2024-11-21 18:22:21.9891 Info Request finished HTTP/2 GET https://localhost:44326/swagger/v1/swagger.json - 200 - application/json;charset=utf-8 112.7237ms 
2024-11-21 18:22:21.9891 Debug Connection ID "18230571318976184401" disconnecting. 
2024-11-21 18:23:36.7299 Debug Starting application setup... 
2024-11-21 18:23:37.2000 Debug Registered model binder providers, in the following order: Microsoft.AspNetCore.Mvc.ModelBinding.Binders.BinderTypeModelBinderProvider, Microsoft.AspNetCore.Mvc.ModelBinding.Binders.ServicesModelBinderProvider, Microsoft.AspNetCore.Mvc.ModelBinding.Binders.BodyModelBinderProvider, Microsoft.AspNetCore.Mvc.ModelBinding.Binders.HeaderModelBinderProvider, Microsoft.AspNetCore.Mvc.ModelBinding.Binders.FloatingPointTypeModelBinderProvider, Microsoft.AspNetCore.Mvc.ModelBinding.Binders.EnumTypeModelBinderProvider, Microsoft.AspNetCore.Mvc.ModelBinding.Binders.DateTimeModelBinderProvider, Microsoft.AspNetCore.Mvc.ModelBinding.Binders.SimpleTypeModelBinderProvider, Microsoft.AspNetCore.Mvc.ModelBinding.Binders.TryParseModelBinderProvider, Microsoft.AspNetCore.Mvc.ModelBinding.Binders.CancellationTokenModelBinderProvider, Microsoft.AspNetCore.Mvc.ModelBinding.Binders.ByteArrayModelBinderProvider, Microsoft.AspNetCore.Mvc.ModelBinding.Binders.FormFileModelBinderProvider, Microsoft.AspNetCore.Mvc.ModelBinding.Binders.FormCollectionModelBinderProvider, Microsoft.AspNetCore.Mvc.ModelBinding.Binders.KeyValuePairModelBinderProvider, Microsoft.AspNetCore.Mvc.ModelBinding.Binders.DictionaryModelBinderProvider, Microsoft.AspNetCore.Mvc.ModelBinding.Binders.ArrayModelBinderProvider, Microsoft.AspNetCore.Mvc.ModelBinding.Binders.CollectionModelBinderProvider, Microsoft.AspNetCore.Mvc.ModelBinding.Binders.ComplexObjectModelBinderProvider 
2024-11-21 18:23:37.2732 Debug Hosting starting 
2024-11-21 18:23:37.4360 Debug Loaded hosting startup assembly ReactCRUDAPI 
2024-11-21 18:23:37.4360 Debug Loaded hosting startup assembly Microsoft.AspNetCore.Watch.BrowserRefresh 
2024-11-21 18:23:37.4360 Debug Loaded hosting startup assembly Microsoft.WebTools.BrowserLink.Net 
2024-11-21 18:23:37.4696 Info Application started. Press Ctrl+C to shut down. 
2024-11-21 18:23:37.4735 Info Hosting environment: Development 
2024-11-21 18:23:37.4735 Info Content root path: D:\React JS\ReactCRUDAPI 
2024-11-21 18:23:37.4735 Debug Hosting started 
2024-11-21 18:23:37.5077 Info Request starting HTTP/2 GET https://localhost:44326/swagger/index.html - - - 
2024-11-21 18:23:37.6486 Debug Wildcard detected, all requests with hosts will be allowed. 
2024-11-21 18:23:37.6664 Debug No candidates found for the request path '/swagger/index.html' 
2024-11-21 18:23:37.6664 Debug Request did not match any endpoints 
2024-11-21 18:23:37.8457 Debug Response markup is scheduled to include Browser Link script injection. 
2024-11-21 18:23:37.8475 Debug Response markup is scheduled to include browser refresh script injection. 
2024-11-21 18:23:37.8987 Debug Response markup was updated to include Browser Link script injection. 
2024-11-21 18:23:37.8987 Debug Response markup was updated to include browser refresh script injection. 
2024-11-21 18:23:37.8987 Debug Connection ID "18374686511347007522" disconnecting. 
2024-11-21 18:23:37.9089 Info Request finished HTTP/2 GET https://localhost:44326/swagger/index.html - 200 - text/html;charset=utf-8 413.7966ms 
2024-11-21 18:23:37.9318 Info Request starting HTTP/2 GET https://localhost:44326/_framework/aspnetcore-browser-refresh.js - - - 
2024-11-21 18:23:37.9318 Info Request starting HTTP/2 GET https://localhost:44326/_vs/browserLink - - - 
2024-11-21 18:23:37.9425 Debug Connection ID "18230571306091282449" disconnecting. 
2024-11-21 18:23:37.9425 Info Request finished HTTP/2 GET https://localhost:44326/_framework/aspnetcore-browser-refresh.js - 200 13760 application/javascript;+charset=utf-8 6.1782ms 
2024-11-21 18:23:37.9938 Debug Connection ID "18086456126605361158" disconnecting. 
2024-11-21 18:23:37.9938 Info Request finished HTTP/2 GET https://localhost:44326/_vs/browserLink - 200 - text/javascript;+charset=UTF-8 62.6804ms 
2024-11-21 18:23:38.0524 Info Request starting HTTP/2 GET https://localhost:44326/swagger/v1/swagger.json - - - 
2024-11-21 18:23:38.0524 Debug No candidates found for the request path '/swagger/v1/swagger.json' 
2024-11-21 18:23:38.0524 Debug Request did not match any endpoints 
2024-11-21 18:23:38.1807 Info Request finished HTTP/2 GET https://localhost:44326/swagger/v1/swagger.json - 200 - application/json;charset=utf-8 128.3714ms 
2024-11-21 18:23:38.1807 Debug Connection ID "18302628887244308528" disconnecting. 
2024-11-21 18:23:48.4299 Info Request starting HTTP/2 GET https://localhost:44326/swagger/index.html - - - 
2024-11-21 18:23:48.4299 Debug No candidates found for the request path '/swagger/index.html' 
2024-11-21 18:23:48.4299 Debug Request did not match any endpoints 
2024-11-21 18:23:48.4414 Debug Response markup is scheduled to include Browser Link script injection. 
2024-11-21 18:23:48.4414 Debug Response markup is scheduled to include browser refresh script injection. 
2024-11-21 18:23:48.4414 Debug Response markup was updated to include Browser Link script injection. 
2024-11-21 18:23:48.4414 Debug Response markup was updated to include browser refresh script injection. 
2024-11-21 18:23:48.4414 Info Request finished HTTP/2 GET https://localhost:44326/swagger/index.html - 200 - text/html;charset=utf-8 13.4127ms 
2024-11-21 18:23:48.4603 Info Request starting HTTP/2 GET https://localhost:44326/_framework/aspnetcore-browser-refresh.js - - - 
2024-11-21 18:23:48.4603 Info Request starting HTTP/2 GET https://localhost:44326/_vs/browserLink - - - 
2024-11-21 18:23:48.4603 Info Request finished HTTP/2 GET https://localhost:44326/_framework/aspnetcore-browser-refresh.js - 200 13760 application/javascript;+charset=utf-8 4.9108ms 
2024-11-21 18:23:48.4603 Debug Connection ID "18302628887244308530" disconnecting. 
2024-11-21 18:23:48.4873 Debug Connection ID "18374686494167138335" disconnecting. 
2024-11-21 18:23:48.4873 Info Request finished HTTP/2 GET https://localhost:44326/_vs/browserLink - 200 - text/javascript;+charset=UTF-8 27.1436ms 
2024-11-21 18:23:48.5490 Info Request starting HTTP/2 GET https://localhost:44326/swagger/v1/swagger.json - - - 
2024-11-21 18:23:48.5490 Debug No candidates found for the request path '/swagger/v1/swagger.json' 
2024-11-21 18:23:48.5490 Debug Request did not match any endpoints 
2024-11-21 18:23:48.5490 Debug Connection ID "18374686507052040210" disconnecting. 
2024-11-21 18:23:48.5490 Info Request finished HTTP/2 GET https://localhost:44326/swagger/v1/swagger.json - 200 - application/json;charset=utf-8 6.3796ms 
2024-11-21 18:25:20.6334 Debug Starting application setup... 
2024-11-21 18:25:21.0070 Debug Registered model binder providers, in the following order: Microsoft.AspNetCore.Mvc.ModelBinding.Binders.BinderTypeModelBinderProvider, Microsoft.AspNetCore.Mvc.ModelBinding.Binders.ServicesModelBinderProvider, Microsoft.AspNetCore.Mvc.ModelBinding.Binders.BodyModelBinderProvider, Microsoft.AspNetCore.Mvc.ModelBinding.Binders.HeaderModelBinderProvider, Microsoft.AspNetCore.Mvc.ModelBinding.Binders.FloatingPointTypeModelBinderProvider, Microsoft.AspNetCore.Mvc.ModelBinding.Binders.EnumTypeModelBinderProvider, Microsoft.AspNetCore.Mvc.ModelBinding.Binders.DateTimeModelBinderProvider, Microsoft.AspNetCore.Mvc.ModelBinding.Binders.SimpleTypeModelBinderProvider, Microsoft.AspNetCore.Mvc.ModelBinding.Binders.TryParseModelBinderProvider, Microsoft.AspNetCore.Mvc.ModelBinding.Binders.CancellationTokenModelBinderProvider, Microsoft.AspNetCore.Mvc.ModelBinding.Binders.ByteArrayModelBinderProvider, Microsoft.AspNetCore.Mvc.ModelBinding.Binders.FormFileModelBinderProvider, Microsoft.AspNetCore.Mvc.ModelBinding.Binders.FormCollectionModelBinderProvider, Microsoft.AspNetCore.Mvc.ModelBinding.Binders.KeyValuePairModelBinderProvider, Microsoft.AspNetCore.Mvc.ModelBinding.Binders.DictionaryModelBinderProvider, Microsoft.AspNetCore.Mvc.ModelBinding.Binders.ArrayModelBinderProvider, Microsoft.AspNetCore.Mvc.ModelBinding.Binders.CollectionModelBinderProvider, Microsoft.AspNetCore.Mvc.ModelBinding.Binders.ComplexObjectModelBinderProvider 
2024-11-21 18:25:21.0862 Debug Hosting starting 
2024-11-21 18:25:21.2126 Debug Loaded hosting startup assembly ReactCRUDAPI 
2024-11-21 18:25:21.2126 Debug Loaded hosting startup assembly Microsoft.AspNetCore.Watch.BrowserRefresh 
2024-11-21 18:25:21.2126 Debug Loaded hosting startup assembly Microsoft.WebTools.BrowserLink.Net 
2024-11-21 18:25:21.2384 Info Application started. Press Ctrl+C to shut down. 
2024-11-21 18:25:21.2384 Info Hosting environment: Development 
2024-11-21 18:25:21.2384 Info Content root path: D:\React JS\ReactCRUDAPI 
2024-11-21 18:25:21.2384 Debug Hosting started 
2024-11-21 18:25:21.2693 Info Request starting HTTP/2 GET https://localhost:44326/swagger/index.html - - - 
2024-11-21 18:25:21.3973 Debug Wildcard detected, all requests with hosts will be allowed. 
2024-11-21 18:25:21.4125 Debug No candidates found for the request path '/swagger/index.html' 
2024-11-21 18:25:21.4125 Debug Request did not match any endpoints 
2024-11-21 18:25:21.5726 Debug Response markup is scheduled to include Browser Link script injection. 
2024-11-21 18:25:21.5726 Debug Response markup is scheduled to include browser refresh script injection. 
2024-11-21 18:25:21.6239 Debug Response markup was updated to include Browser Link script injection. 
2024-11-21 18:25:21.6239 Debug Response markup was updated to include browser refresh script injection. 
2024-11-21 18:25:21.6322 Debug Connection ID "18086456113720459288" disconnecting. 
2024-11-21 18:25:21.6322 Info Request finished HTTP/2 GET https://localhost:44326/swagger/index.html - 200 - text/html;charset=utf-8 377.0052ms 
2024-11-21 18:25:21.6603 Info Request starting HTTP/2 GET https://localhost:44326/_framework/aspnetcore-browser-refresh.js - - - 
2024-11-21 18:25:21.6603 Info Request starting HTTP/2 GET https://localhost:44326/_vs/browserLink - - - 
2024-11-21 18:25:21.6761 Debug Connection ID "18086456122310393864" disconnecting. 
2024-11-21 18:25:21.6761 Info Request finished HTTP/2 GET https://localhost:44326/_framework/aspnetcore-browser-refresh.js - 200 13760 application/javascript;+charset=utf-8 7.9543ms 
2024-11-21 18:25:21.7674 Debug Connection ID "18086456113720459290" disconnecting. 
2024-11-21 18:25:21.7679 Info Request finished HTTP/2 GET https://localhost:44326/_vs/browserLink - 200 - text/javascript;+charset=UTF-8 106.2215ms 
2024-11-21 18:25:21.8769 Info Request starting HTTP/2 GET https://localhost:44326/swagger/v1/swagger.json - - - 
2024-11-21 18:25:21.8769 Debug No candidates found for the request path '/swagger/v1/swagger.json' 
2024-11-21 18:25:21.8769 Debug Request did not match any endpoints 
2024-11-21 18:25:22.0316 Debug Connection ID "18374686511347007524" disconnecting. 
2024-11-21 18:25:22.0316 Info Request finished HTTP/2 GET https://localhost:44326/swagger/v1/swagger.json - 200 - application/json;charset=utf-8 154.8335ms 
